<?xml version="1.0" encoding="UTF-8"?>
<testsuite name="Model.StringToFieldTest" tests="6" skipped="0" failures="0" errors="0" timestamp="2022-04-26T00:11:22" hostname="Tigers-MacBook-Air.local" time="0.003">
  <properties/>
  <testcase name="hashmapToTodo_StringToBoolean_IllegalArgumentException()" classname="Model.StringToFieldTest" time="0.0"/>
  <testcase name="hashmapToTodo_StringToLocalDate_DateTimeParseException()" classname="Model.StringToFieldTest" time="0.001"/>
  <testcase name="hashmapToTodo_StringToBoolean_Null()" classname="Model.StringToFieldTest" time="0.0"/>
  <testcase name="hashmapToTodo_StringToBoolean_False()" classname="Model.StringToFieldTest" time="0.0"/>
  <testcase name="hashmapToTodo_NoException()" classname="Model.StringToFieldTest" time="0.001"/>
  <testcase name="hashmapToTodo_StringToInteger_NumberFormatException()" classname="Model.StringToFieldTest" time="0.0"/>
  <system-out><![CDATA[]]></system-out>
  <system-err><![CDATA[]]></system-err>
</testsuite>
