<?xml version="1.0" encoding="UTF-8"?>
<testsuite name="View.PrinterTest" tests="1" skipped="0" failures="0" errors="0" timestamp="2022-04-26T00:11:22" hostname="Tigers-MacBook-Air.local" time="0.001">
  <properties/>
  <testcase name="printList()" classname="View.PrinterTest" time="0.001"/>
  <system-out><![CDATA[]]></system-out>
  <system-err><![CDATA[]]></system-err>
</testsuite>
