<?xml version="1.0" encoding="UTF-8"?>
<testsuite name="FileIO.FileStateTest" tests="3" skipped="0" failures="0" errors="0" timestamp="2022-04-26T00:11:21" hostname="Tigers-MacBook-Air.local" time="0.067">
  <properties/>
  <testcase name="read_EmptyFile()" classname="FileIO.FileStateTest" time="0.048"/>
  <testcase name="getInstance()" classname="FileIO.FileStateTest" time="0.016"/>
  <testcase name="getCsvInfo()" classname="FileIO.FileStateTest" time="0.001"/>
  <system-out><![CDATA[]]></system-out>
  <system-err><![CDATA[]]></system-err>
</testsuite>
