<?xml version="1.0" encoding="UTF-8"?>
<testsuite name="Model.CRUDTest" tests="2" skipped="0" failures="0" errors="0" timestamp="2022-04-26T00:11:22" hostname="Tigers-MacBook-Air.local" time="0.016">
  <properties/>
  <testcase name="completeTodo()" classname="Model.CRUDTest" time="0.013"/>
  <testcase name="addNewRow()" classname="Model.CRUDTest" time="0.002"/>
  <system-out><![CDATA[]]></system-out>
  <system-err><![CDATA[]]></system-err>
</testsuite>
